# callgrind format
version: 1
creator: callgrind-3.15.0
pid: 5293
cmd:  ./mdriver -f traces/xterm.rep
part: 1


desc: I1 cache: 
desc: D1 cache: 
desc: LL cache: 

desc: Timerange: Basic block 0 - 123894476
desc: Trigger: Program termination

positions: line
events: Ir
summary: 2019288


ob=(3) /usr/lib/x86_64-linux-gnu/libc-2.31.so
fl=(113) /build/glibc-eX1tMB/glibc-2.31/csu/../csu/libc-start.c
fn=(352) (below main)
cob=(5) /home/keszinaj/university/computersciense/sem3/SO/projekty/SO_projects/malloc-keszinaj/mdriver
cfi=(119) /home/keszinaj/university/computersciense/sem3/SO/projekty/SO_projects/malloc-keszinaj/mdriver.c
cfn=(378) main
calls=1 231 
308 2019288

fl=(142) /build/glibc-eX1tMB/glibc-2.31/string/../sysdeps/x86_64/multiarch/memmove-vec-unaligned-erms.S
fn=(468) __memcpy_avx_unaligned_erms
225 15
+1 15
+6 15
+1 15
+1 12
+1 12
+3 12
+1 12
+1 12
+1 12
+2 12
+1 12
+33 3
+1 3
+26 3
+1 3
+1 3
+1 3
+1 3

ob=(5)
fl=(145) /home/keszinaj/university/computersciense/sem3/SO/projekty/SO_projects/malloc-keszinaj/memlib.c
fn=(612) mem_sbrk
55 13173
+1 13173
+2 65865
+6 13173
+2 13173

fl=(112) ???
fn=(350) _start
cob=(3)
cfi=(113)
cfn=(352)
calls=1 137 
0 2019288

fl=(164) /home/keszinaj/university/computersciense/sem3/SO/projekty/SO_projects/malloc-keszinaj/mm.c
fn=(632) mm_realloc
390 450
+2 90
+4 108
41 108
402 36
+2 108
+6 126
+2 105
41 6
413 6
+1 24
41 15
420 15
41 15
420 30
+1 15
-1 60
+1 75
+22 15
fi=(147) /usr/include/x86_64-linux-gnu/bits/string_fortified.h
34 45
fe=(164)
443 15
fi=(147)
34 15
cob=(2) ???
cfi=(18) ???
cfn=(636) 0x0000000000109300
calls=15 -34 
* 207
fe=(164)
379 30
cfn=(630) coalasce
calls=15 -55 
* 888
+69 387
-55 9
124 6
+1 18
+2 6
-10 6
+71 12
71 6
417 6
41 6
+30 6
-30 6
+16 6
+17 6
417 6
117 6
+2 6
+46 6
-28 6
+34 3
-34 9
+1 3
+27 6
-33 15
+1 3

fn=(630)
324 10722
-8 10722
+8 21444
+2 10722
+1 42888
41 21444
327 64332
41 21444
331 53610
+1 21444
+1 7872
52 31488
339 15744
124 123
+1 369
+2 21
-10 42
+2 21
+46 21
-46 21
+46 42
41 246
188 369
-64 123
+1 369
+2 15
-10 30
+2 15
+46 15
-46 15
+46 30
+5 30
+5 30
+5 30
-56 15
+1 30
+2 15
+54 105
41 45
188 45
41 324
188 324
41 246
342 246
+2 123
71 123
+3 123
+68 246
+10 114
-15 114
+15 114
+2 114
-2 228
+1 456
+1 114
348 5700
124 1434
+1 4302
+2 18
-10 36
+2 12
+46 12
-46 12
+46 24
+5 24
+5 24
+5 24
-56 12
+1 24
+2 12
+54 84
41 24
188 36
41 12
188 21
356 23094
124 5580
+1 16740
+2 18
-10 36
+2 9
+46 9
-46 9
+46 18
+5 18
+5 18
+5 18
-56 9
+1 18
+2 9
+54 54
41 27
188 27
-7 27
41 27
188 30
365 3585
71 3585
+3 3585
+68 10755
+10 546
-15 546
+17 546
-2 546
+2 546
-2 1092
+1 2730
368 1716
+1 87
+3 32166
170 42
+5 42
+5 42
-56 21
+1 42
+2 21
+54 84
-43 21
358 5442
+1 5442
71 5442
+3 5442
+63 5442
+9 5442
-1 5442
+1 5442
+1 5442
-10 3039
+9 3039
-1 3039
+1 3039
+1 3039
-30 216
+2 99
+46 198
+1 9
+1 36
-50 11124
+2 120
+46 240
+23 16326
+1 3
358 3
+1 3
71 3
+3 3
+68 6
358 15
+1 15
71 15
+3 15
+68 30
+10 138
-15 138
+15 138
+2 138
-2 276
+1 552
+1 276
+11 12
+1 1374
+22 2748
-21 1374
+21 2748
+1 9
350 9
+2 9
71 9
+3 9
+68 18
350 15
+2 15
71 15
+3 15
+68 30
+10 60
-15 60
+15 60
+2 60
-2 120
+1 240
+1 60
350 1374
+2 1374
71 1374
+3 1374
+63 1374
+8 1374
+1 1374
+1 1374
-10 9
+8 9
+1 9
+1 9
-30 2832
+2 42
+46 84
-28 42
-96 84
171 42
41 84
188 126
350 36
+2 36
71 36
+3 36
+68 36
-25 204
+2 102
+46 204
+6 102
-34 204
+1 102
-1 198
+34 99
-34 99
+1 99
-1 120
-96 240
171 120
41 240
188 360
358 120
+1 120
71 120
+3 120
+68 120
+23 18
-33 48
+1 6
348 15549

fn=(628) mm_free
374 10707
+2 21414
62 10707
379 10707
cfn=(630)
calls=10707 -55 
* 594852

fn=(614) mm_malloc
269 24987
+2 49974
+7 24987
-9 24987
91 49974
278 49974
-58 36027
41 11853
+78 23706
226 11853
+1 11853
41 11853
225 11853
+4 11853
+4 48546
116 11271
+1 22542
-1 1359
+1 2718
+2 1557
-78 3114
252 1557
-22 26820
+16 2895
124 780
+1 2340
-1 11034
+1 33102
+2 330
-10 660
+2 159
+46 159
-46 159
+46 318
+5 318
+5 318
+5 318
-56 159
+1 318
+2 159
+54 477
-43 159
-21 22968
+2 840
+46 1680
+1 10644
+1 31932
41 21288
188 31932
41 2340
188 3510
+1 84
+69 84
+2 168
-2 11730
+2 23460
41 11814
293 11814
71 11814
-30 11814
+30 11814
-30 11814
+16 11814
+17 11814
301 35442
71 13173
-30 13173
+30 13173
-30 13173
+16 13173
+17 13173
301 39519
-47 22146
95 390
cfi=(145)
cfn=(612)
calls=195 -40 
* 1755
+1 585
290 585
95 25956
cfi=(145)
cfn=(612)
calls=12981 -40 
* 116802
+1 38934
281 12978
+1 12978
-1 12978
+1 12978
+1 6
-22 8358
71 8358
-30 8358
+30 8358
-30 8358
+16 8358
+17 8358
-17 8358
+14 8358
+3 8358
+68 16716
+10 753
-15 753
+15 753
+2 753
-2 1506
+1 3012
+1 3012
+17 840
-33 840
-1 840
+1 840
+27 342
-33 171
+1 171
+4 7605
+9 15210
-1 7605
+2 22815

fl=(119)
fn=(378)
cfi=(164)
cfn=(632)
calls=15 390 
676 1054
cfi=(164)
cfn=(632)
calls=15 390 
775 1054
cfi=(164)
cfn=(628)
calls=3569 374 
715 216129
cfi=(164)
cfn=(614)
calls=8329 269 
650 455913
cfi=(164)
cfn=(628)
calls=3569 374 
795 216129
cfi=(164)
cfn=(614)
calls=8329 269 
759 455913
cfn=(642) fsecs
calls=1 184 
219 673096

fn=(648) eval_mm_speed
cfi=(164)
cfn=(632)
calls=15 390 
846 1054
cfi=(164)
cfn=(628)
calls=3569 374 
858 216129
cfi=(164)
cfn=(614)
calls=8329 269 
837 455913

fn=(642)
cfn=(648)
calls=1 819 
189 673096

ob=(2)
fl=(18)
fn=(636)
0 30
cob=(3)
cfi=(142)
cfn=(468)
calls=15 225 
0 177

ob=(1) /usr/lib/x86_64-linux-gnu/ld-2.31.so
fl=(1) ???
fn=(0) 0x0000000000001100
cob=(5)
cfi=(112)
cfn=(350)
calls=1 0 
0 2019288

totals: 2019288
